1660028868932	geckodriver	INFO	Listening on 127.0.0.1:61881
1660028871973	mozrunner::runner	INFO	Running command: "C:\\Program Files\\Mozilla Firefox\\firefox.exe" "--marionette" "--remote-debugging-port" "61882" "--remote-allow-hosts" "localhost" "-no-remote" "-profile" "C:\\Users\\Lev\\AppData\\Local\\Temp\\rust_mozprofileFqhmz3"
1660028874186	Marionette	INFO	Marionette enabled
1660028874194	Marionette	INFO	Listening on port 61909
Read port: 61909
WebDriver BiDi listening on ws://localhost:61882
1660028874432	RemoteAgent	WARN	TLS certificate errors will be ignored for this session
console.warn: SearchSettings: "get: No settings file exists, new profile?" (new NotFoundError("Could not open the file at C:\\Users\\Lev\\AppData\\Local\\Temp\\rust_mozprofileFqhmz3\\search.json.mozlz4", (void 0)))
DevTools listening on ws://localhost:61882/devtools/browser/c6e458db-37ff-4d81-9b61-243ff7f64f55
JavaScript warning: https://stepik.azureedge.net/static/frontend-build/vendor.js?v=1659621443, line 6289: unreachable code after return statement
JavaScript error: https://stepik.azureedge.net/static/frontend-build/vendor.js?v=1659621443, line 6105: Error: Expected: '<assignment:568645>' to be present in the adapter provided payload, but it was not found.
1660028895490	Marionette	INFO	Stopped listening on port 61909
console.warn: TopSitesFeed: Failed to fetch data from Contile server: NetworkError when attempting to fetch resource.
1660039447166	geckodriver	INFO	Listening on 127.0.0.1:59015
1660039450189	mozrunner::runner	INFO	Running command: "C:\\Program Files\\Mozilla Firefox\\firefox.exe" "--marionette" "--remote-debugging-port" "59016" "--remote-allow-hosts" "localhost" "-no-remote" "-profile" "C:\\Users\\Lev\\AppData\\Local\\Temp\\rust_mozprofileTzalFR"
1660039455649	Marionette	INFO	Marionette enabled
1660039455658	Marionette	INFO	Listening on port 59046
WebDriver BiDi listening on ws://localhost:59016
Read port: 59046
1660039455848	RemoteAgent	WARN	TLS certificate errors will be ignored for this session
console.warn: SearchSettings: "get: No settings file exists, new profile?" (new NotFoundError("Could not open the file at C:\\Users\\Lev\\AppData\\Local\\Temp\\rust_mozprofileTzalFR\\search.json.mozlz4", (void 0)))
DevTools listening on ws://localhost:59016/devtools/browser/4fbc8a4c-4497-4567-8597-c4b832e77688
JavaScript warning: https://stepik.azureedge.net/static/frontend-build/vendor.js?v=1659621443, line 6289: unreachable code after return statement
JavaScript error: https://stepik.azureedge.net/static/frontend-build/vendor.js?v=1659621443, line 6105: Error: Expected: '<assignment:568645>' to be present in the adapter provided payload, but it was not found.
1660039610162	Marionette	INFO	Stopped listening on port 59046
console.warn: TopSitesFeed: Failed to fetch data from Contile server: NetworkError when attempting to fetch resource.
